<?xml version="1.0" encoding="UTF-8"?>
<!-- Generated by org.testng.reporters.JUnitXMLReporter -->
<testsuite hostname="AbhishekLaptop" ignored="0" name="Default test" tests="3" failures="0" timestamp="20 Apr 2020 21:25:04 GMT" time="13.928" errors="0">
  <testcase name="verifyLoginPageTitleTest" time="0.02" classname="com.qa.hubspot.tests.LoginTest"/>
  <testcase name="verifySignUpLinkTest" time="0.089" classname="com.qa.hubspot.tests.LoginTest"/>
  <testcase name="doLoginTest" time="0.849" classname="com.qa.hubspot.tests.LoginTest"/>
</testsuite> <!-- Default test -->
