<?xml version="1.0" encoding="UTF-8"?>
<!-- Generated by org.testng.reporters.JUnitXMLReporter -->
<testsuite hostname="AbhishekLaptop" ignored="0" name="Test" tests="3" failures="0" timestamp="20 Apr 2020 21:21:14 GMT" time="0.075" errors="0">
  <testcase name="@BeforeTest setUp" time="0.024" classname="com.qa.hubspot.tests.LoginTest">
    <failure type="java.lang.NullPointerException">
      <![CDATA[java.lang.NullPointerException
at com.qa.hubspot.base.BasePage.init_driver(BasePage.java:27)
at com.qa.hubspot.tests.LoginTest.setUp(LoginTest.java:31)
... Removed 24 stack frames]]>
    </failure>
  </testcase> <!-- @BeforeTest setUp -->
  <testcase name="@AfterTest testDownTest" time="0.0" classname="com.qa.hubspot.tests.LoginTest">
    <skipped/>
  </testcase> <!-- @AfterTest testDownTest -->
  <testcase name="verifyLoginPageTitleTest" time="0.0" classname="com.qa.hubspot.tests.LoginTest">
    <skipped/>
  </testcase> <!-- verifyLoginPageTitleTest -->
  <testcase name="verifySignUpLinkTest" time="0.0" classname="com.qa.hubspot.tests.LoginTest">
    <skipped/>
  </testcase> <!-- verifySignUpLinkTest -->
  <testcase name="doLoginTest" time="0.0" classname="com.qa.hubspot.tests.LoginTest">
    <skipped/>
  </testcase> <!-- doLoginTest -->
</testsuite> <!-- Test -->
